<?xml version="1.0" encoding="UTF-8"?>
<con:testCase id="43c0662a-a2b6-4cf6-9422-b8a2b2d80371" discardOkResults="false" failOnError="true" failTestCaseOnErrors="true" keepSession="false" name="Test Case 1" searchProperties="true" timeout="0" xmlns:con="http://eviware.com/soapui/config">
  <con:settings>
    <con:setting id="43c0662a-a2b6-4cf6-9422-b8a2b2d80371fileName">Test-Case-1</con:setting>
  </con:settings>
  <con:properties/>
  <con:reportParameters/>
</con:testCase>
